2024-11-10 05:08:47,185 INFO o.a.j.u.JMeterUtils: Setting Locale to en_EN
2024-11-10 05:08:47,217 INFO o.a.j.JMeter: Loading user properties from: C:\Ashwani\apache-jmeter-5.6.3\bin\user.properties
2024-11-10 05:08:47,217 INFO o.a.j.JMeter: Loading system properties from: C:\Ashwani\apache-jmeter-5.6.3\bin\system.properties
2024-11-10 05:08:47,218 INFO o.a.j.JMeter: Setting JMeter property: threads=2
2024-11-10 05:08:47,218 INFO o.a.j.JMeter: Setting JMeter property: rampup=10
2024-11-10 05:08:47,247 INFO o.a.j.JMeter: Copyright (c) 1998-2024 The Apache Software Foundation
2024-11-10 05:08:47,248 INFO o.a.j.JMeter: Version 5.6.3
2024-11-10 05:08:47,248 INFO o.a.j.JMeter: java.version=21.0.5
2024-11-10 05:08:47,248 INFO o.a.j.JMeter: java.vm.name=Java HotSpot(TM) 64-Bit Server VM
2024-11-10 05:08:47,248 INFO o.a.j.JMeter: os.name=Windows Server 2022
2024-11-10 05:08:47,248 INFO o.a.j.JMeter: os.arch=amd64
2024-11-10 05:08:47,248 INFO o.a.j.JMeter: os.version=10.0
2024-11-10 05:08:47,248 INFO o.a.j.JMeter: file.encoding=UTF-8
2024-11-10 05:08:47,248 INFO o.a.j.JMeter: java.awt.headless=true
2024-11-10 05:08:47,248 INFO o.a.j.JMeter: Max memory     =1073741824
2024-11-10 05:08:47,248 INFO o.a.j.JMeter: Available Processors =2
2024-11-10 05:08:47,271 INFO o.a.j.JMeter: Default Locale=English (EN)
2024-11-10 05:08:47,271 INFO o.a.j.JMeter: JMeter  Locale=English (EN)
2024-11-10 05:08:47,272 INFO o.a.j.JMeter: JMeterHome=C:\Ashwani\apache-jmeter-5.6.3
2024-11-10 05:08:47,272 INFO o.a.j.JMeter: user.dir  =C:\Users\Administrator\.jenkins\workspace\JMeter_Jenkins_GitHub_Central
2024-11-10 05:08:47,273 INFO o.a.j.JMeter: PWD       =C:\Users\Administrator\.jenkins\workspace\JMeter_Jenkins_GitHub_Central
2024-11-10 05:08:47,276 INFO o.a.j.JMeter: IP: 172.31.26.212 Name: EC2AMAZ-6IJ31EP FullName: 172.31.26.212
2024-11-10 05:08:47,300 ERROR o.a.j.JMeter: An error occurred: 
org.apache.jmeter.report.config.ConfigurationException: The file C:\Users\Administrator\.jenkins\workspace\JMeter_Jenkins_GitHub_Central\Jenkins_JMeter_V011.jmx doesn't exist or can't be opened
	at org.apache.jmeter.JMeter.runNonGui(JMeter.java:950) ~[ApacheJMeter_core.jar:5.6.3]
	at org.apache.jmeter.JMeter.startNonGui(JMeter.java:940) ~[ApacheJMeter_core.jar:5.6.3]
	at org.apache.jmeter.JMeter.start(JMeter.java:508) [ApacheJMeter_core.jar:5.6.3]
	at java.base/jdk.internal.reflect.DirectMethodHandleAccessor.invoke(DirectMethodHandleAccessor.java:103) ~[?:?]
	at java.base/java.lang.reflect.Method.invoke(Method.java:580) ~[?:?]
	at org.apache.jmeter.NewDriver.main(NewDriver.java:259) [ApacheJMeter.jar:5.6.3]
