2024-11-09 11:46:35,999 INFO o.a.j.u.JMeterUtils: Setting Locale to en_US
2024-11-09 11:46:36,040 INFO o.a.j.JMeter: Loading user properties from: user.properties
2024-11-09 11:46:36,040 INFO o.a.j.JMeter: Loading system properties from: system.properties
2024-11-09 11:46:36,042 INFO o.a.j.JMeter: Loading additional properties from: C:\Ashwani\apache-jmeter-5.6.3\bin\user.properties
2024-11-09 11:46:36,059 INFO o.a.j.JMeter: Copyright (c) 1998-2024 The Apache Software Foundation
2024-11-09 11:46:36,059 INFO o.a.j.JMeter: Version 5.6.3
2024-11-09 11:46:36,059 INFO o.a.j.JMeter: java.version=21.0.5
2024-11-09 11:46:36,061 INFO o.a.j.JMeter: java.vm.name=Java HotSpot(TM) 64-Bit Server VM
2024-11-09 11:46:36,061 INFO o.a.j.JMeter: os.name=Windows Server 2022
2024-11-09 11:46:36,061 INFO o.a.j.JMeter: os.arch=amd64
2024-11-09 11:46:36,061 INFO o.a.j.JMeter: os.version=10.0
2024-11-09 11:46:36,061 INFO o.a.j.JMeter: file.encoding=UTF-8
2024-11-09 11:46:36,061 INFO o.a.j.JMeter: java.awt.headless=true
2024-11-09 11:46:36,061 INFO o.a.j.JMeter: Max memory     =1029701632
2024-11-09 11:46:36,061 INFO o.a.j.JMeter: Available Processors =2
2024-11-09 11:46:36,077 INFO o.a.j.JMeter: Default Locale=English (United States)
2024-11-09 11:46:36,078 INFO o.a.j.JMeter: JMeter  Locale=English (United States)
2024-11-09 11:46:36,078 INFO o.a.j.JMeter: JMeterHome=C:\Ashwani\apache-jmeter-5.6.3
2024-11-09 11:46:36,078 INFO o.a.j.JMeter: user.dir  =C:\Ashwani\apache-jmeter-5.6.3\bin
2024-11-09 11:46:36,078 INFO o.a.j.JMeter: PWD       =C:\Ashwani\apache-jmeter-5.6.3\bin
2024-11-09 11:46:36,087 INFO o.a.j.JMeter: IP: 172.31.26.212 Name: EC2AMAZ-6IJ31EP FullName: 172.31.26.212
2024-11-09 11:46:36,111 INFO o.a.j.JMeter: Setting property 'jmeter.reportgenerator.outputdir' to:'C:\Ashwani\apache-jmeter-5.6.3\bin\report'
2024-11-09 11:46:36,118 INFO o.a.j.r.d.ReportGenerator: ReportGenerator will use for Parsing the separator: ','
2024-11-09 11:46:36,118 INFO o.a.j.r.d.ReportGenerator: Will only generate report from results file: C:\Ashwani\apache-jmeter-5.6.3\bin\Jenkins_JMeter.csv
2024-11-09 11:46:36,118 INFO o.a.j.r.d.ReportGenerator: Reading report generator properties from: C:\Ashwani\apache-jmeter-5.6.3\bin\reportgenerator.properties
2024-11-09 11:46:36,120 INFO o.a.j.r.d.ReportGenerator: Merging with JMeter properties
2024-11-09 11:46:36,131 INFO o.a.j.r.c.ReportGeneratorConfiguration: Property 'jmeter.reportgenerator.temp_dir' not found, using default value 'temp' instead.
2024-11-09 11:46:36,138 INFO o.a.j.r.c.ReportGeneratorConfiguration: Property 'jmeter.reportgenerator.apdex_per_transaction' not found, using default value 'null' instead.
2024-11-09 11:46:36,160 INFO o.a.j.r.c.ReportGeneratorConfiguration: apdex_per_transaction is empty, not APDEX per transaction customization
2024-11-09 11:46:36,160 INFO o.a.j.r.c.ReportGeneratorConfiguration: Property 'jmeter.reportgenerator.sample_filter' not found, using default value 'null' instead.
2024-11-09 11:46:36,160 INFO o.a.j.r.c.ReportGeneratorConfiguration: Property 'jmeter.reportgenerator.report_title' not found, using default value 'null' instead.
2024-11-09 11:46:36,161 INFO o.a.j.r.c.ReportGeneratorConfiguration: Property 'jmeter.reportgenerator.start_date' not found, using default value 'null' instead.
2024-11-09 11:46:36,161 INFO o.a.j.r.c.ReportGeneratorConfiguration: Property 'jmeter.reportgenerator.end_date' not found, using default value 'null' instead.
2024-11-09 11:46:36,162 INFO o.a.j.r.c.ReportGeneratorConfiguration: Property 'jmeter.reportgenerator.date_format' not found, using default value 'null' instead.
2024-11-09 11:46:36,172 INFO o.a.j.r.c.ReportGeneratorConfiguration: Will use date range start date: null, end date: null
2024-11-09 11:46:36,181 INFO o.a.j.r.c.ReportGeneratorConfiguration: Property 'jmeter.reportgenerator.graph.totalTPS.exclude_controllers' not found, using default value 'false' instead.
2024-11-09 11:46:36,181 INFO o.a.j.r.c.ReportGeneratorConfiguration: Property 'jmeter.reportgenerator.graph.activeThreadsOverTime.exclude_controllers' not found, using default value 'false' instead.
2024-11-09 11:46:36,181 INFO o.a.j.r.c.ReportGeneratorConfiguration: Property 'jmeter.reportgenerator.graph.timeVsThreads.exclude_controllers' not found, using default value 'false' instead.
2024-11-09 11:46:36,181 INFO o.a.j.r.c.ReportGeneratorConfiguration: Property 'jmeter.reportgenerator.graph.responseTimeDistribution.exclude_controllers' not found, using default value 'false' instead.
2024-11-09 11:46:36,181 INFO o.a.j.r.c.ReportGeneratorConfiguration: Property 'jmeter.reportgenerator.graph.transactionsPerSecond.exclude_controllers' not found, using default value 'false' instead.
2024-11-09 11:46:36,181 INFO o.a.j.r.c.ReportGeneratorConfiguration: Property 'jmeter.reportgenerator.graph.responseTimePercentiles.exclude_controllers' not found, using default value 'false' instead.
2024-11-09 11:46:36,182 INFO o.a.j.r.c.ReportGeneratorConfiguration: Property 'jmeter.reportgenerator.graph.responseTimePercentilesOverTime.exclude_controllers' not found, using default value 'false' instead.
2024-11-09 11:46:36,182 INFO o.a.j.r.c.ReportGeneratorConfiguration: Property 'jmeter.reportgenerator.graph.responseTimesOverTime.exclude_controllers' not found, using default value 'false' instead.
2024-11-09 11:46:36,183 INFO o.a.j.r.c.ReportGeneratorConfiguration: Property 'jmeter.reportgenerator.graph.connectTimeOverTime.exclude_controllers' not found, using default value 'false' instead.
2024-11-09 11:46:36,183 INFO o.a.j.r.c.ReportGeneratorConfiguration: Property 'jmeter.reportgenerator.graph.latenciesOverTime.exclude_controllers' not found, using default value 'false' instead.
2024-11-09 11:46:36,185 INFO o.a.j.r.c.ReportGeneratorConfiguration: Property 'jmeter.reportgenerator.exporter.json.filters_only_sample_series' not found, using default value 'true' instead.
2024-11-09 11:46:36,185 INFO o.a.j.r.c.ReportGeneratorConfiguration: Property 'jmeter.reportgenerator.exporter.json.series_filter' not found, using default value '' instead.
2024-11-09 11:46:36,185 INFO o.a.j.r.c.ReportGeneratorConfiguration: Property 'jmeter.reportgenerator.exporter.json.show_controllers_only' not found, using default value 'false' instead.
2024-11-09 11:46:36,186 INFO o.a.j.r.c.ReportGeneratorConfiguration: Property 'jmeter.reportgenerator.exporter.html.show_controllers_only' not found, using default value 'false' instead.
2024-11-09 11:46:36,740 INFO o.a.j.s.SaveService: Testplan (JMX) version: 2.2. Testlog (JTL) version: 2.2
2024-11-09 11:46:36,852 INFO o.a.j.s.SaveService: Using SaveService properties version 5.0
2024-11-09 11:46:36,858 INFO o.a.j.s.SaveService: Using SaveService properties file encoding UTF-8
2024-11-09 11:46:36,920 INFO o.a.j.r.p.NormalizerSampleConsumer: Using format, 'yyyy/MM/dd HH:mm:ss', to parse timeStamp field
2024-11-09 11:46:37,044 INFO o.a.j.r.p.AbstractSampleConsumer: class org.apache.jmeter.report.processor.AggregateConsumer#stopProducing(): beginDate produced 0 samples
2024-11-09 11:46:37,044 INFO o.a.j.r.p.AbstractSampleConsumer: class org.apache.jmeter.report.processor.AggregateConsumer#stopProducing(): endDate produced 0 samples
2024-11-09 11:46:37,047 INFO o.a.j.r.p.AbstractSampleConsumer: class org.apache.jmeter.report.processor.ApdexSummaryConsumer#stopProducing(): apdexSummary produced 0 samples
2024-11-09 11:46:37,047 INFO o.a.j.r.p.AbstractSampleConsumer: class org.apache.jmeter.report.processor.RequestsSummaryConsumer#stopProducing(): requestsSummary produced 0 samples
2024-11-09 11:46:37,061 INFO o.a.j.r.p.AbstractSampleConsumer: class org.apache.jmeter.report.processor.StatisticsSummaryConsumer#stopProducing(): statisticsSummary produced 0 samples
2024-11-09 11:46:37,066 INFO o.a.j.r.p.AbstractSampleConsumer: class org.apache.jmeter.report.processor.Top5ErrorsBySamplerConsumer#stopProducing(): top5ErrorsBySampler produced 0 samples
2024-11-09 11:46:37,066 INFO o.a.j.r.p.AbstractSampleConsumer: class org.apache.jmeter.report.processor.ErrorsSummaryConsumer#stopProducing(): errorsSummary produced 0 samples
2024-11-09 11:46:37,068 INFO o.a.j.r.p.AbstractSampleConsumer: class org.apache.jmeter.report.processor.graph.impl.HitsPerSecondGraphConsumer#stopProducing(): hitsPerSecond produced 0 samples
2024-11-09 11:46:37,103 INFO o.a.j.r.p.AbstractSampleConsumer: class org.apache.jmeter.report.processor.graph.impl.LatencyVSRequestGraphConsumer#stopProducing(): latencyVsRequest produced 0 samples
2024-11-09 11:46:37,104 INFO o.a.j.r.p.AbstractSampleConsumer: class org.apache.jmeter.report.processor.graph.impl.SyntheticResponseTimeDistributionGraphConsumer#stopProducing(): syntheticResponseTimeDistribution produced 0 samples
2024-11-09 11:46:37,105 INFO o.a.j.r.p.AbstractSampleConsumer: class org.apache.jmeter.report.processor.graph.impl.BytesThroughputGraphConsumer#stopProducing(): bytesThroughputOverTime produced 0 samples
2024-11-09 11:46:37,105 INFO o.a.j.r.p.AbstractSampleConsumer: class org.apache.jmeter.report.processor.graph.impl.CodesPerSecondGraphConsumer#stopProducing(): codesPerSecond produced 0 samples
2024-11-09 11:46:37,112 INFO o.a.j.r.p.AbstractSampleConsumer: class org.apache.jmeter.report.processor.graph.impl.ResponseTimeVSRequestGraphConsumer#stopProducing(): responseTimeVsRequest produced 0 samples
2024-11-09 11:46:37,112 INFO o.a.j.r.p.AbstractSampleConsumer: class org.apache.jmeter.report.processor.FilterConsumer#stopProducing(): startIntervalControlerFilter produced 35 samples
2024-11-09 11:46:37,112 INFO o.a.j.r.p.AbstractSampleConsumer: class org.apache.jmeter.report.processor.graph.impl.TotalTPSGraphConsumer#stopProducing(): totalTPS produced 0 samples
2024-11-09 11:46:37,113 INFO o.a.j.r.p.AbstractSampleConsumer: class org.apache.jmeter.report.processor.graph.impl.ActiveThreadsGraphConsumer#stopProducing(): activeThreadsOverTime produced 0 samples
2024-11-09 11:46:37,113 INFO o.a.j.r.p.AbstractSampleConsumer: class org.apache.jmeter.report.processor.graph.impl.TimeVSThreadGraphConsumer#stopProducing(): timeVsThreads produced 0 samples
2024-11-09 11:46:37,113 INFO o.a.j.r.p.AbstractSampleConsumer: class org.apache.jmeter.report.processor.graph.impl.ResponseTimeDistributionGraphConsumer#stopProducing(): responseTimeDistribution produced 0 samples
2024-11-09 11:46:37,113 INFO o.a.j.r.p.AbstractSampleConsumer: class org.apache.jmeter.report.processor.graph.impl.TransactionsPerSecondGraphConsumer#stopProducing(): transactionsPerSecond produced 0 samples
2024-11-09 11:46:37,113 INFO o.a.j.r.p.AbstractSampleConsumer: class org.apache.jmeter.report.processor.graph.impl.ResponseTimePercentilesGraphConsumer#stopProducing(): responseTimePercentiles produced 0 samples
2024-11-09 11:46:37,119 INFO o.a.j.r.p.AbstractSampleConsumer: class org.apache.jmeter.report.processor.graph.impl.ResponseTimePercentilesOverTimeGraphConsumer#stopProducing(): responseTimePercentilesOverTime produced 0 samples
2024-11-09 11:46:37,120 INFO o.a.j.r.p.AbstractSampleConsumer: class org.apache.jmeter.report.processor.graph.impl.ResponseTimeOverTimeGraphConsumer#stopProducing(): responseTimesOverTime produced 0 samples
2024-11-09 11:46:37,120 INFO o.a.j.r.p.AbstractSampleConsumer: class org.apache.jmeter.report.processor.graph.impl.ConnectTimeOverTimeGraphConsumer#stopProducing(): connectTimeOverTime produced 0 samples
2024-11-09 11:46:37,120 INFO o.a.j.r.p.AbstractSampleConsumer: class org.apache.jmeter.report.processor.graph.impl.LatencyOverTimeGraphConsumer#stopProducing(): latenciesOverTime produced 0 samples
2024-11-09 11:46:37,120 INFO o.a.j.r.p.AbstractSampleConsumer: class org.apache.jmeter.report.processor.FilterConsumer#stopProducing(): nameFilter produced 120 samples
2024-11-09 11:46:37,120 INFO o.a.j.r.p.AbstractSampleConsumer: class org.apache.jmeter.report.processor.FilterConsumer#stopProducing(): dateRangeFilter produced 24 samples
2024-11-09 11:46:37,120 INFO o.a.j.r.p.AbstractSampleConsumer: class org.apache.jmeter.report.processor.NormalizerSampleConsumer#stopProducing(): normalizer produced 8 samples
2024-11-09 11:46:37,122 INFO o.a.j.r.p.CsvFileSampleSource: produce(): 8 samples produced in 158ms on channel 0
2024-11-09 11:46:37,122 INFO o.a.j.r.d.ReportGenerator: Exporting data using exporter:'json' of className:'org.apache.jmeter.report.dashboard.JsonExporter'
2024-11-09 11:46:37,236 INFO o.a.j.r.d.JsonExporter: Found data for consumer statisticsSummary in context
2024-11-09 11:46:37,236 INFO o.a.j.r.d.JsonExporter: Creating statistics for overall
2024-11-09 11:46:37,236 INFO o.a.j.r.d.JsonExporter: Creating statistics for other transactions
2024-11-09 11:46:37,238 INFO o.a.j.r.d.JsonExporter: Checking output folder
2024-11-09 11:46:37,238 INFO o.a.j.r.d.JsonExporter: Writing statistics JSON to C:\Ashwani\apache-jmeter-5.6.3\bin\report\statistics.json
2024-11-09 11:46:37,369 INFO o.a.j.r.d.ReportGenerator: Exporting data using exporter:'html' of className:'org.apache.jmeter.report.dashboard.HtmlTemplateExporter'
2024-11-09 11:46:37,373 INFO o.a.j.r.d.HtmlTemplateExporter: Will generate dashboard in folder: C:\Ashwani\apache-jmeter-5.6.3\bin\report
2024-11-09 11:46:37,389 WARN o.a.j.r.d.HtmlTemplateExporter: No series matches the series_filter: series_filter in graph: totalTPS
2024-11-09 11:46:37,394 WARN o.a.j.r.d.HtmlTemplateExporter: No series matches the series_filter: series_filter in graph: timeVsThreads
2024-11-09 11:46:37,403 WARN o.a.j.r.d.HtmlTemplateExporter: No series matches the series_filter: series_filter in graph: responseTimeDistribution
2024-11-09 11:46:37,408 WARN o.a.j.r.d.HtmlTemplateExporter: No series matches the series_filter: series_filter in graph: transactionsPerSecond
2024-11-09 11:46:37,410 WARN o.a.j.r.d.HtmlTemplateExporter: No series matches the series_filter: series_filter in graph: responseTimePercentiles
2024-11-09 11:46:37,483 WARN o.a.j.r.d.HtmlTemplateExporter: No series matches the series_filter: series_filter in graph: responseTimesOverTime
2024-11-09 11:46:37,488 WARN o.a.j.r.d.HtmlTemplateExporter: No series matches the series_filter: series_filter in graph: connectTimeOverTime
2024-11-09 11:46:37,491 WARN o.a.j.r.d.HtmlTemplateExporter: No series matches the series_filter: series_filter in graph: latenciesOverTime
2024-11-09 11:46:37,818 INFO o.a.j.r.d.HtmlTemplateExporter: Report will be generated in: C:\Ashwani\apache-jmeter-5.6.3\bin\report, creating folder structure
2024-11-09 11:46:37,821 INFO o.a.j.r.d.TemplateVisitor: Copying folder from 'C:\Ashwani\apache-jmeter-5.6.3\bin\report-template' to 'C:\Ashwani\apache-jmeter-5.6.3\bin\report', got message: C:\Ashwani\apache-jmeter-5.6.3\bin\report, found non empty folder with following content [C:\Ashwani\apache-jmeter-5.6.3\bin\report\statistics.json], will be ignored
